c:\users\8psco\documents\github\dotmatrix\dot matrix\x64\debug\moc_dotmatrix.obj
c:\users\8psco\documents\github\dotmatrix\dot matrix\x64\debug\qrc_dotmatrix.obj
c:\users\8psco\documents\github\dotmatrix\dot matrix\x64\debug\dotmatrix.obj
c:\users\8psco\documents\github\dotmatrix\dot matrix\x64\debug\gb_cpu.obj
c:\users\8psco\documents\github\dotmatrix\dot matrix\x64\debug\gb_ppu.obj
c:\users\8psco\documents\github\dotmatrix\dot matrix\x64\debug\main.obj
c:\users\8psco\documents\github\dotmatrix\dot matrix\x64\debug\vc142.pdb
c:\users\8psco\documents\github\dotmatrix\dot matrix\x64\debug\uic\ui_dotmatrix.h
c:\users\8psco\documents\github\dotmatrix\dot matrix\x64\debug\rcc\qrc_dotmatrix.cpp
c:\users\8psco\documents\github\dotmatrix\dot matrix\x64\debug\moc\moc_dotmatrix.cpp
c:\users\8psco\documents\github\dotmatrix\x64\debug\dot matrix.exe
c:\users\8psco\documents\github\dotmatrix\x64\debug\dot matrix.ilk
c:\users\8psco\documents\github\dotmatrix\x64\debug\dot matrix.pdb
c:\users\8psco\documents\github\dotmatrix\dot matrix\x64\debug\\moc\moc_dotmatrix.cpp
c:\users\8psco\documents\github\dotmatrix\dot matrix\x64\debug\\rcc\qrc_dotmatrix.cpp
c:\users\8psco\documents\github\dotmatrix\dot matrix\x64\debug\\uic\ui_dotmatrix.h
c:\users\8psco\documents\github\dotmatrix\dot matrix\x64\debug\dot matrix.tlog\cl.command.1.tlog
c:\users\8psco\documents\github\dotmatrix\dot matrix\x64\debug\dot matrix.tlog\cl.read.1.tlog
c:\users\8psco\documents\github\dotmatrix\dot matrix\x64\debug\dot matrix.tlog\cl.write.1.tlog
c:\users\8psco\documents\github\dotmatrix\dot matrix\x64\debug\dot matrix.tlog\dot matrix.write.1u.tlog
c:\users\8psco\documents\github\dotmatrix\dot matrix\x64\debug\dot matrix.tlog\link.command.1.tlog
c:\users\8psco\documents\github\dotmatrix\dot matrix\x64\debug\dot matrix.tlog\link.read.1.tlog
c:\users\8psco\documents\github\dotmatrix\dot matrix\x64\debug\dot matrix.tlog\link.write.1.tlog
c:\users\8psco\documents\github\dotmatrix\dot matrix\x64\debug\dot matrix.tlog\moc.read.1u.tlog
c:\users\8psco\documents\github\dotmatrix\dot matrix\x64\debug\dot matrix.tlog\moc.write.1u.tlog
c:\users\8psco\documents\github\dotmatrix\dot matrix\x64\debug\dot matrix.tlog\rcc.read.1u.tlog
c:\users\8psco\documents\github\dotmatrix\dot matrix\x64\debug\dot matrix.tlog\rcc.write.1u.tlog
c:\users\8psco\documents\github\dotmatrix\dot matrix\x64\debug\dot matrix.tlog\uic.read.1u.tlog
c:\users\8psco\documents\github\dotmatrix\dot matrix\x64\debug\dot matrix.tlog\uic.write.1u.tlog
